 
****************************************
Report : area
Design : geofence
Version: R-2020.09
Date   : Thu May 11 22:16:17 2023
****************************************

Library(s) Used:

    slow (File: /cad/CBDK/CBDK_IC_Contest_v2.1/SynopsysDC/db/slow.db)

Number of ports:                           35
Number of nets:                         12389
Number of cells:                        10091
Number of combinational cells:           9794
Number of sequential cells:               297
Number of macros/black boxes:               0
Number of buf/inv:                       1465
Number of references:                     125

Combinational area:             126361.245831
Buf/Inv area:                     6316.025290
Noncombinational area:            9502.045181
Macro/Black Box area:                0.000000
Net Interconnect area:         1233686.140717

Total cell area:                135863.291013
Total area:                    1369549.431729
1
